0 info it worked if it ends with ok
1 verbose cli [ '/usr/local/bin/node', '/usr/local/bin/npm', 'run', 'build' ]
2 info using npm@3.10.3
3 info using node@v6.6.0
4 verbose run-script [ 'prebuild', 'build', 'postbuild' ]
5 info lifecycle cpsc310project@0.0.1~prebuild: cpsc310project@0.0.1
6 silly lifecycle cpsc310project@0.0.1~prebuild: no script for prebuild, continuing
7 info lifecycle cpsc310project@0.0.1~build: cpsc310project@0.0.1
8 verbose lifecycle cpsc310project@0.0.1~build: unsafe-perm in lifecycle true
9 verbose lifecycle cpsc310project@0.0.1~build: PATH: /usr/local/lib/node_modules/npm/bin/node-gyp-bin:/Users/Daniel/Desktop/cpsc310project/node_modules/.bin:/usr/local/bin:/Users/Daniel/.rvm/gems/ruby-2.2.1/bin:/Users/Daniel/.rvm/gems/ruby-2.2.1@global/bin:/Users/Daniel/.rvm/rubies/ruby-2.2.1/bin:/usr/local/bin:/usr/bin:/bin:/usr/sbin:/sbin:/opt/X11/bin:/Users/Daniel/.rvm/bin
10 verbose lifecycle cpsc310project@0.0.1~build: CWD: /Users/Daniel/Desktop/cpsc310project
11 silly lifecycle cpsc310project@0.0.1~build: Args: [ '-c', 'tsc' ]
12 silly lifecycle cpsc310project@0.0.1~build: Returned: code: 2  signal: null
13 info lifecycle cpsc310project@0.0.1~build: Failed to exec build script
14 verbose stack Error: cpsc310project@0.0.1 build: `tsc`
14 verbose stack Exit status 2
14 verbose stack     at EventEmitter.<anonymous> (/usr/local/lib/node_modules/npm/lib/utils/lifecycle.js:242:16)
14 verbose stack     at emitTwo (events.js:106:13)
14 verbose stack     at EventEmitter.emit (events.js:191:7)
14 verbose stack     at ChildProcess.<anonymous> (/usr/local/lib/node_modules/npm/lib/utils/spawn.js:40:14)
14 verbose stack     at emitTwo (events.js:106:13)
14 verbose stack     at ChildProcess.emit (events.js:191:7)
14 verbose stack     at maybeClose (internal/child_process.js:877:16)
14 verbose stack     at Process.ChildProcess._handle.onexit (internal/child_process.js:226:5)
15 verbose pkgid cpsc310project@0.0.1
16 verbose cwd /Users/Daniel/Desktop/cpsc310project/typings/globals
17 error Darwin 15.6.0
18 error argv "/usr/local/bin/node" "/usr/local/bin/npm" "run" "build"
19 error node v6.6.0
20 error npm  v3.10.3
21 error code ELIFECYCLE
22 error cpsc310project@0.0.1 build: `tsc`
22 error Exit status 2
23 error Failed at the cpsc310project@0.0.1 build script 'tsc'.
23 error Make sure you have the latest version of node.js and npm installed.
23 error If you do, this is most likely a problem with the cpsc310project package,
23 error not with npm itself.
23 error Tell the author that this fails on your system:
23 error     tsc
23 error You can get information on how to open an issue for this project with:
23 error     npm bugs cpsc310project
23 error Or if that isn't available, you can get their info via:
23 error     npm owner ls cpsc310project
23 error There is likely additional logging output above.
24 verbose exit [ 1, true ]
